=== puma startup: 2021-06-30 16:05:31 +0000 ===
{"timestamp":"2021-06-30T16:05:32.356Z","pid":840,"message":"! Promoting existing objects to old generation..."}
{"timestamp":"2021-06-30T16:05:32.702Z","pid":840,"message":"! Compacting..."}
Note: GC compacting is currently disabled. Refer to `config/initializers_before_autoloader/003_gc_compact.rb` for details.
{"timestamp":"2021-06-30T16:05:32.703Z","pid":840,"message":"! Friendly fork preparation complete."}
{"timestamp":"2021-06-30T16:05:33.143Z","pid":840,"message":"- Worker 1 (PID: 1053) booted in 0.41s, phase: 0"}
{"timestamp":"2021-06-30T16:05:33.170Z","pid":840,"message":"- Worker 0 (PID: 1051) booted in 0.45s, phase: 0"}
{"timestamp":"2021-06-30T16:05:52.056Z","pid":840,"message":"PumaWorkerKiller: Consuming 2138.671875 mb with master and 2 workers."}
{"timestamp":"2021-06-30T16:06:12.057Z","pid":840,"message":"PumaWorkerKiller: Consuming 2118.15625 mb with master and 2 workers."}
{"timestamp":"2021-06-30T16:06:32.058Z","pid":840,"message":"PumaWorkerKiller: Consuming 2118.54296875 mb with master and 2 workers."}
{"timestamp":"2021-06-30T16:06:52.059Z","pid":840,"message":"PumaWorkerKiller: Consuming 2121.6953125 mb with master and 2 workers."}
{"timestamp":"2021-06-30T16:07:12.060Z","pid":840,"message":"PumaWorkerKiller: Consuming 2127.19921875 mb with master and 2 workers."}
{"timestamp":"2021-06-30T16:07:32.060Z","pid":840,"message":"PumaWorkerKiller: Consuming 2127.47265625 mb with master and 2 workers."}
{"timestamp":"2021-06-30T16:07:52.061Z","pid":840,"message":"PumaWorkerKiller: Consuming 2120.2109375 mb with master and 2 workers."}
{"timestamp":"2021-06-30T16:08:12.062Z","pid":840,"message":"PumaWorkerKiller: Consuming 2120.45703125 mb with master and 2 workers."}
{"timestamp":"2021-06-30T16:08:32.063Z","pid":840,"message":"PumaWorkerKiller: Consuming 2120.93359375 mb with master and 2 workers."}
{"timestamp":"2021-06-30T16:08:52.063Z","pid":840,"message":"PumaWorkerKiller: Consuming 2122.7421875 mb with master and 2 workers."}
{"timestamp":"2021-06-30T16:09:12.064Z","pid":840,"message":"PumaWorkerKiller: Consuming 2123.98046875 mb with master and 2 workers."}
{"timestamp":"2021-06-30T16:09:32.065Z","pid":840,"message":"PumaWorkerKiller: Consuming 2123.6796875 mb with master and 2 workers."}
{"timestamp":"2021-06-30T16:09:52.065Z","pid":840,"message":"PumaWorkerKiller: Consuming 2143.3828125 mb with master and 2 workers."}
{"timestamp":"2021-06-30T16:10:12.066Z","pid":840,"message":"PumaWorkerKiller: Consuming 2145.41796875 mb with master and 2 workers."}
{"timestamp":"2021-06-30T16:10:32.067Z","pid":840,"message":"PumaWorkerKiller: Consuming 2145.70703125 mb with master and 2 workers."}
{"timestamp":"2021-06-30T16:10:52.067Z","pid":840,"message":"PumaWorkerKiller: Consuming 2146.984375 mb with master and 2 workers."}
{"timestamp":"2021-06-30T16:11:12.068Z","pid":840,"message":"PumaWorkerKiller: Consuming 2147.2265625 mb with master and 2 workers."}
{"timestamp":"2021-06-30T16:11:32.069Z","pid":840,"message":"PumaWorkerKiller: Consuming 2149.2578125 mb with master and 2 workers."}
{"timestamp":"2021-06-30T16:11:52.069Z","pid":840,"message":"PumaWorkerKiller: Consuming 2152.76171875 mb with master and 2 workers."}
{"timestamp":"2021-06-30T16:12:12.070Z","pid":840,"message":"PumaWorkerKiller: Consuming 2152.19921875 mb with master and 2 workers."}
{"timestamp":"2021-06-30T16:12:32.071Z","pid":840,"message":"PumaWorkerKiller: Consuming 2152.73828125 mb with master and 2 workers."}
{"timestamp":"2021-06-30T16:12:52.072Z","pid":840,"message":"PumaWorkerKiller: Consuming 2158.53515625 mb with master and 2 workers."}
{"timestamp":"2021-06-30T16:13:12.072Z","pid":840,"message":"PumaWorkerKiller: Consuming 2158.7890625 mb with master and 2 workers."}
{"timestamp":"2021-06-30T16:13:32.073Z","pid":840,"message":"PumaWorkerKiller: Consuming 2157.53515625 mb with master and 2 workers."}
{"timestamp":"2021-06-30T16:13:52.074Z","pid":840,"message":"PumaWorkerKiller: Consuming 2159.81640625 mb with master and 2 workers."}
{"timestamp":"2021-06-30T16:14:12.074Z","pid":840,"message":"PumaWorkerKiller: Consuming 2160.1171875 mb with master and 2 workers."}
{"timestamp":"2021-06-30T16:14:32.075Z","pid":840,"message":"PumaWorkerKiller: Consuming 2160.265625 mb with master and 2 workers."}
{"timestamp":"2021-06-30T16:14:52.076Z","pid":840,"message":"PumaWorkerKiller: Consuming 2159.13671875 mb with master and 2 workers."}
{"timestamp":"2021-06-30T16:15:12.077Z","pid":840,"message":"PumaWorkerKiller: Consuming 2158.16015625 mb with master and 2 workers."}
{"timestamp":"2021-06-30T16:15:32.077Z","pid":840,"message":"PumaWorkerKiller: Consuming 2159.328125 mb with master and 2 workers."}
{"timestamp":"2021-06-30T16:15:52.078Z","pid":840,"message":"PumaWorkerKiller: Consuming 2160.0859375 mb with master and 2 workers."}
{"timestamp":"2021-06-30T16:16:12.078Z","pid":840,"message":"PumaWorkerKiller: Consuming 2160.64453125 mb with master and 2 workers."}
{"timestamp":"2021-06-30T16:16:32.079Z","pid":840,"message":"PumaWorkerKiller: Consuming 2159.91796875 mb with master and 2 workers."}
{"timestamp":"2021-06-30T16:16:52.080Z","pid":840,"message":"PumaWorkerKiller: Consuming 2160.35546875 mb with master and 2 workers."}
{"timestamp":"2021-06-30T16:17:12.081Z","pid":840,"message":"PumaWorkerKiller: Consuming 2160.50390625 mb with master and 2 workers."}
{"timestamp":"2021-06-30T16:17:32.081Z","pid":840,"message":"PumaWorkerKiller: Consuming 2164.05859375 mb with master and 2 workers."}
{"timestamp":"2021-06-30T16:17:52.082Z","pid":840,"message":"PumaWorkerKiller: Consuming 2164.203125 mb with master and 2 workers."}
{"timestamp":"2021-06-30T16:18:12.083Z","pid":840,"message":"PumaWorkerKiller: Consuming 2164.28125 mb with master and 2 workers."}
{"timestamp":"2021-06-30T16:18:32.083Z","pid":840,"message":"PumaWorkerKiller: Consuming 2164.55078125 mb with master and 2 workers."}
{"timestamp":"2021-06-30T16:18:52.084Z","pid":840,"message":"PumaWorkerKiller: Consuming 2165.57421875 mb with master and 2 workers."}
{"timestamp":"2021-06-30T16:19:12.085Z","pid":840,"message":"PumaWorkerKiller: Consuming 2184.6015625 mb with master and 2 workers."}
{"timestamp":"2021-06-30T16:19:32.085Z","pid":840,"message":"PumaWorkerKiller: Consuming 2182.80859375 mb with master and 2 workers."}
{"timestamp":"2021-06-30T16:19:52.086Z","pid":840,"message":"PumaWorkerKiller: Consuming 2187.3046875 mb with master and 2 workers."}
{"timestamp":"2021-06-30T16:20:12.087Z","pid":840,"message":"PumaWorkerKiller: Consuming 2188.12109375 mb with master and 2 workers."}
{"timestamp":"2021-06-30T16:20:32.087Z","pid":840,"message":"PumaWorkerKiller: Consuming 2184.6875 mb with master and 2 workers."}
{"timestamp":"2021-06-30T16:20:52.088Z","pid":840,"message":"PumaWorkerKiller: Consuming 2185.12109375 mb with master and 2 workers."}
{"timestamp":"2021-06-30T16:21:12.089Z","pid":840,"message":"PumaWorkerKiller: Consuming 2185.515625 mb with master and 2 workers."}
{"timestamp":"2021-06-30T16:21:32.089Z","pid":840,"message":"PumaWorkerKiller: Consuming 2184.3515625 mb with master and 2 workers."}
{"timestamp":"2021-06-30T16:21:52.090Z","pid":840,"message":"PumaWorkerKiller: Consuming 2188.359375 mb with master and 2 workers."}
{"timestamp":"2021-06-30T16:22:12.091Z","pid":840,"message":"PumaWorkerKiller: Consuming 2187.3203125 mb with master and 2 workers."}
{"timestamp":"2021-06-30T16:22:32.092Z","pid":840,"message":"PumaWorkerKiller: Consuming 2183.55859375 mb with master and 2 workers."}
{"timestamp":"2021-06-30T16:22:52.092Z","pid":840,"message":"PumaWorkerKiller: Consuming 2185.74609375 mb with master and 2 workers."}
{"timestamp":"2021-06-30T16:23:12.093Z","pid":840,"message":"PumaWorkerKiller: Consuming 2184.86328125 mb with master and 2 workers."}
{"timestamp":"2021-06-30T16:23:32.094Z","pid":840,"message":"PumaWorkerKiller: Consuming 2186.04296875 mb with master and 2 workers."}
{"timestamp":"2021-06-30T16:23:52.095Z","pid":840,"message":"PumaWorkerKiller: Consuming 2188.46875 mb with master and 2 workers."}
{"timestamp":"2021-06-30T16:24:12.095Z","pid":840,"message":"PumaWorkerKiller: Consuming 2189.66015625 mb with master and 2 workers."}
{"timestamp":"2021-06-30T16:24:32.096Z","pid":840,"message":"PumaWorkerKiller: Consuming 2189.7890625 mb with master and 2 workers."}
{"timestamp":"2021-06-30T16:24:52.096Z","pid":840,"message":"PumaWorkerKiller: Consuming 2191.96875 mb with master and 2 workers."}
{"timestamp":"2021-06-30T16:25:12.097Z","pid":840,"message":"PumaWorkerKiller: Consuming 2197.40234375 mb with master and 2 workers."}
{"timestamp":"2021-06-30T16:25:32.098Z","pid":840,"message":"PumaWorkerKiller: Consuming 2196.71875 mb with master and 2 workers."}
{"timestamp":"2021-06-30T16:25:52.098Z","pid":840,"message":"PumaWorkerKiller: Consuming 2202.35546875 mb with master and 2 workers."}
{"timestamp":"2021-06-30T16:26:12.099Z","pid":840,"message":"PumaWorkerKiller: Consuming 2199.32421875 mb with master and 2 workers."}
{"timestamp":"2021-06-30T16:26:32.100Z","pid":840,"message":"PumaWorkerKiller: Consuming 2208.52734375 mb with master and 2 workers."}
{"timestamp":"2021-06-30T16:26:52.101Z","pid":840,"message":"PumaWorkerKiller: Consuming 2209.64453125 mb with master and 2 workers."}
{"timestamp":"2021-06-30T16:27:12.101Z","pid":840,"message":"PumaWorkerKiller: Consuming 2210.45703125 mb with master and 2 workers."}
{"timestamp":"2021-06-30T16:27:32.102Z","pid":840,"message":"PumaWorkerKiller: Consuming 2213.375 mb with master and 2 workers."}
{"timestamp":"2021-06-30T16:27:52.103Z","pid":840,"message":"PumaWorkerKiller: Consuming 2215.18359375 mb with master and 2 workers."}
{"timestamp":"2021-06-30T16:28:12.103Z","pid":840,"message":"PumaWorkerKiller: Consuming 2215.9453125 mb with master and 2 workers."}
{"timestamp":"2021-06-30T16:28:32.104Z","pid":840,"message":"PumaWorkerKiller: Consuming 2215.87109375 mb with master and 2 workers."}
{"timestamp":"2021-06-30T16:28:52.105Z","pid":840,"message":"PumaWorkerKiller: Consuming 2216.28515625 mb with master and 2 workers."}
{"timestamp":"2021-06-30T16:29:12.105Z","pid":840,"message":"PumaWorkerKiller: Consuming 2217.25390625 mb with master and 2 workers."}
{"timestamp":"2021-06-30T16:29:32.106Z","pid":840,"message":"PumaWorkerKiller: Consuming 2220.23046875 mb with master and 2 workers."}
{"timestamp":"2021-06-30T16:29:52.106Z","pid":840,"message":"PumaWorkerKiller: Consuming 2218.46484375 mb with master and 2 workers."}
{"timestamp":"2021-06-30T16:30:12.107Z","pid":840,"message":"PumaWorkerKiller: Consuming 2219.19921875 mb with master and 2 workers."}
{"timestamp":"2021-06-30T16:30:32.108Z","pid":840,"message":"PumaWorkerKiller: Consuming 2218.94140625 mb with master and 2 workers."}
{"timestamp":"2021-06-30T16:30:52.108Z","pid":840,"message":"PumaWorkerKiller: Consuming 2219.7109375 mb with master and 2 workers."}
{"timestamp":"2021-06-30T16:31:12.109Z","pid":840,"message":"PumaWorkerKiller: Consuming 2221.42578125 mb with master and 2 workers."}
{"timestamp":"2021-06-30T16:31:32.110Z","pid":840,"message":"PumaWorkerKiller: Consuming 2221.515625 mb with master and 2 workers."}
{"timestamp":"2021-06-30T16:31:52.111Z","pid":840,"message":"PumaWorkerKiller: Consuming 2220.66015625 mb with master and 2 workers."}
{"timestamp":"2021-06-30T16:32:12.111Z","pid":840,"message":"PumaWorkerKiller: Consuming 2221.78515625 mb with master and 2 workers."}
{"timestamp":"2021-06-30T16:32:32.112Z","pid":840,"message":"PumaWorkerKiller: Consuming 2220.6875 mb with master and 2 workers."}
{"timestamp":"2021-06-30T16:32:52.112Z","pid":840,"message":"PumaWorkerKiller: Consuming 2222.5390625 mb with master and 2 workers."}
{"timestamp":"2021-06-30T16:33:12.113Z","pid":840,"message":"PumaWorkerKiller: Consuming 2222.5625 mb with master and 2 workers."}
{"timestamp":"2021-06-30T16:33:32.114Z","pid":840,"message":"PumaWorkerKiller: Consuming 2224.1640625 mb with master and 2 workers."}
{"timestamp":"2021-06-30T16:33:52.114Z","pid":840,"message":"PumaWorkerKiller: Consuming 2224.9453125 mb with master and 2 workers."}
{"timestamp":"2021-06-30T16:34:12.115Z","pid":840,"message":"PumaWorkerKiller: Consuming 2223.92578125 mb with master and 2 workers."}
{"timestamp":"2021-06-30T16:34:32.116Z","pid":840,"message":"PumaWorkerKiller: Consuming 2223.08203125 mb with master and 2 workers."}
{"timestamp":"2021-06-30T16:34:52.116Z","pid":840,"message":"PumaWorkerKiller: Consuming 2225.03125 mb with master and 2 workers."}
{"timestamp":"2021-06-30T16:35:12.117Z","pid":840,"message":"PumaWorkerKiller: Consuming 2225.51953125 mb with master and 2 workers."}
{"timestamp":"2021-06-30T16:35:32.118Z","pid":840,"message":"PumaWorkerKiller: Consuming 2226.171875 mb with master and 2 workers."}
{"timestamp":"2021-06-30T16:35:52.118Z","pid":840,"message":"PumaWorkerKiller: Consuming 2224.05859375 mb with master and 2 workers."}
{"timestamp":"2021-06-30T16:36:12.119Z","pid":840,"message":"PumaWorkerKiller: Consuming 2225.78515625 mb with master and 2 workers."}
{"timestamp":"2021-06-30T16:36:32.120Z","pid":840,"message":"PumaWorkerKiller: Consuming 2224.58203125 mb with master and 2 workers."}
{"timestamp":"2021-06-30T16:36:52.120Z","pid":840,"message":"PumaWorkerKiller: Consuming 2225.48828125 mb with master and 2 workers."}
{"timestamp":"2021-06-30T16:37:12.121Z","pid":840,"message":"PumaWorkerKiller: Consuming 2225.42578125 mb with master and 2 workers."}
{"timestamp":"2021-06-30T16:37:32.122Z","pid":840,"message":"PumaWorkerKiller: Consuming 2225.05859375 mb with master and 2 workers."}
{"timestamp":"2021-06-30T16:37:52.122Z","pid":840,"message":"PumaWorkerKiller: Consuming 2225.21484375 mb with master and 2 workers."}
{"timestamp":"2021-06-30T16:38:12.123Z","pid":840,"message":"PumaWorkerKiller: Consuming 2224.7890625 mb with master and 2 workers."}
{"timestamp":"2021-06-30T16:38:32.124Z","pid":840,"message":"PumaWorkerKiller: Consuming 2223.59375 mb with master and 2 workers."}
{"timestamp":"2021-06-30T16:38:52.124Z","pid":840,"message":"PumaWorkerKiller: Consuming 2223.53515625 mb with master and 2 workers."}
{"timestamp":"2021-06-30T16:39:12.125Z","pid":840,"message":"PumaWorkerKiller: Consuming 2223.83984375 mb with master and 2 workers."}
{"timestamp":"2021-06-30T16:39:32.126Z","pid":840,"message":"PumaWorkerKiller: Consuming 2223.7109375 mb with master and 2 workers."}
{"timestamp":"2021-06-30T16:39:52.126Z","pid":840,"message":"PumaWorkerKiller: Consuming 2224.2890625 mb with master and 2 workers."}
{"timestamp":"2021-06-30T16:40:12.127Z","pid":840,"message":"PumaWorkerKiller: Consuming 2226.6484375 mb with master and 2 workers."}
{"timestamp":"2021-06-30T16:40:32.128Z","pid":840,"message":"PumaWorkerKiller: Consuming 2226.87109375 mb with master and 2 workers."}
{"timestamp":"2021-06-30T16:40:52.128Z","pid":840,"message":"PumaWorkerKiller: Consuming 2227.52734375 mb with master and 2 workers."}
{"timestamp":"2021-06-30T16:41:12.129Z","pid":840,"message":"PumaWorkerKiller: Consuming 2228.41015625 mb with master and 2 workers."}
{"timestamp":"2021-06-30T16:41:32.130Z","pid":840,"message":"PumaWorkerKiller: Consuming 2228.77734375 mb with master and 2 workers."}
{"timestamp":"2021-06-30T16:41:52.130Z","pid":840,"message":"PumaWorkerKiller: Consuming 2229.66015625 mb with master and 2 workers."}
{"timestamp":"2021-06-30T16:42:12.131Z","pid":840,"message":"PumaWorkerKiller: Consuming 2229.91015625 mb with master and 2 workers."}
{"timestamp":"2021-06-30T16:42:32.132Z","pid":840,"message":"PumaWorkerKiller: Consuming 2228.9296875 mb with master and 2 workers."}
{"timestamp":"2021-06-30T16:42:52.132Z","pid":840,"message":"PumaWorkerKiller: Consuming 2228.7421875 mb with master and 2 workers."}
{"timestamp":"2021-06-30T16:43:12.133Z","pid":840,"message":"PumaWorkerKiller: Consuming 2228.40625 mb with master and 2 workers."}
{"timestamp":"2021-06-30T16:43:32.134Z","pid":840,"message":"PumaWorkerKiller: Consuming 2228.91015625 mb with master and 2 workers."}
